#
# There is insufficient memory for the Java Runtime Environment to continue.
# Native memory allocation (mmap) failed to map 199229440 bytes for G1 virtual space
# Possible reasons:
#   The system is out of physical RAM or swap space
#   The process is running with CompressedOops enabled, and the Java Heap may be blocking the growth of the native heap
# Possible solutions:
#   Reduce memory load on the system
#   Increase physical memory or swap space
#   Check if swap backing store is full
#   Decrease Java heap size (-Xmx/-Xms)
#   Decrease number of Java threads
#   Decrease Java thread stack sizes (-Xss)
#   Set larger code cache with -XX:ReservedCodeCacheSize=
#   JVM is running with Zero Based Compressed Oops mode in which the Java heap is
#     placed in the first 32GB address space. The Java Heap base address is the
#     maximum limit for the native heap growth. Please use -XX:HeapBaseMinAddress
#     to set the Java Heap base and to place the Java Heap above 32GB virtual address.
# This output file may be truncated or incomplete.
#
#  Out of Memory Error (os_windows.cpp:3466), pid=19488, tid=2564
#
# JRE version:  (16.0.1+9) (build )
# Java VM: Java HotSpot(TM) 64-Bit Server VM (16.0.1+9-24, mixed mode, sharing, tiered, compressed oops, compressed class ptrs, g1 gc, windows-amd64)
# No core dump will be written. Minidumps are not enabled by default on client versions of Windows
#

---------------  S U M M A R Y ------------

Command Line: -Dcom.sun.management.jmxremote -Dcom.sun.management.jmxremote.port=54095 -Dcom.sun.management.jmxremote.authenticate=false -Dcom.sun.management.jmxremote.ssl=false -Djava.rmi.server.hostname=localhost -Dspring.jmx.enabled=true -Dspring.application.admin.enabled=true -XX:TieredStopAtLevel=1 -Dspring.boot.project.name=TiendaVirtual_BranchNatali -Dfile.encoding=UTF-8 -XX:+ShowCodeDetailsInExceptionMessages edu.TiendaVirtual.TiendaVirtual.TiendaVirtualApplication

Host: Intel(R) Core(TM) i5-10210U CPU @ 1.60GHz, 8 cores, 11G,  Windows 10 , 64 bit Build 18362 (10.0.18362.1500)
Time: Sat Oct 16 03:01:30 2021 Hora est. Pacífico, Sudamérica elapsed time: 0.008271 seconds (0d 0h 0m 0s)

---------------  T H R E A D  ---------------

Current thread (0x000002b633b2bef0):  JavaThread "Unknown thread" [_thread_in_vm, id=2564, stack(0x000000c7e1500000,0x000000c7e1600000)]

Stack: [0x000000c7e1500000,0x000000c7e1600000]
Native frames: (J=compiled Java code, j=interpreted, Vv=VM code, C=native code)
V  [jvm.dll+0x6687ca]
V  [jvm.dll+0x7ca3c9]
V  [jvm.dll+0x7cbb53]
V  [jvm.dll+0x7cc1b3]
V  [jvm.dll+0x242ea5]
V  [jvm.dll+0x665589]
V  [jvm.dll+0x65a175]
V  [jvm.dll+0x2fc5ab]
V  [jvm.dll+0x3037a6]
V  [jvm.dll+0x352fee]
V  [jvm.dll+0x35321f]
V  [jvm.dll+0x2d3618]
V  [jvm.dll+0x2d4854]
V  [jvm.dll+0x79ccb1]
V  [jvm.dll+0x360de1]
V  [jvm.dll+0x77a990]
V  [jvm.dll+0x3e55af]
V  [jvm.dll+0x3e7081]
C  [jli.dll+0x52fb]
C  [ucrtbase.dll+0x210b2]
C  [KERNEL32.DLL+0x17c24]
C  [ntdll.dll+0x6d721]


---------------  P R O C E S S  ---------------

Threads class SMR info:
_java_thread_list=0x00007ffffa15cbb8, length=0, elements={
}

Java Threads: ( => current thread )

Other Threads:
  0x000002b633b6a2b0 GCTaskThread "GC Thread#0" [stack: 0x000000c7e1600000,0x000000c7e1700000] [id=28584]
  0x000002b633b77860 ConcurrentGCThread "G1 Main Marker" [stack: 0x000000c7e1700000,0x000000c7e1800000] [id=12152]
  0x000002b633b78260 ConcurrentGCThread "G1 Conc#0" [stack: 0x000000c7e1800000,0x000000c7e1900000] [id=1992]

[error occurred during error reporting (printing all threads), id 0xc0000005, EXCEPTION_ACCESS_VIOLATION (0xc0000005) at pc=0x00007ffff99344d7]

VM state: not at safepoint (not fully initialized)

VM Mutex/Monitor currently owned by a thread:  ([mutex/lock_event])
[0x000002b633b28a60] Heap_lock - owner thread: 0x000002b633b2bef0

Heap address: 0x0000000742400000, size: 3036 MB, Compressed Oops mode: Zero based, Oop shift amount: 3

CDS archive(s) mapped at: [0x0000000000000000-0x0000000000000000-0x0000000000000000), size 0, SharedBaseAddress: 0x0000000800000000, ArchiveRelocationMode: 0.
Narrow klass base: 0x0000000000000000, Narrow klass shift: 0, Narrow klass range: 0x0

GC Precious Log:
<Empty>

Heap:
 garbage-first heap   total 0K, used 0K [0x0000000742400000, 0x0000000800000000)
  region size 2048K, 0 young (0K), 0 survivors (0K)

[error occurred during error reporting (printing heap information), id 0xc0000005, EXCEPTION_ACCESS_VIOLATION (0xc0000005) at pc=0x00007ffff9d124ed]

GC Heap History (0 events):
No events

Deoptimization events (0 events):
No events

Classes unloaded (0 events):
No events

Classes redefined (0 events):
No events

Internal exceptions (0 events):
No events

Events (1 events):
Event: 0.005 Loaded shared library C:\Program Files\Java\jdk-16.0.1\bin\java.dll


Dynamic libraries:
0x00007ff6b3f20000 - 0x00007ff6b3f30000 	C:\Program Files\Java\jdk-16.0.1\bin\javaw.exe
0x00007ff87c740000 - 0x00007ff87c930000 	C:\Windows\SYSTEM32\ntdll.dll
0x00007ff87acb0000 - 0x00007ff87ad62000 	C:\Windows\System32\KERNEL32.DLL
0x00007ff879fc0000 - 0x00007ff87a265000 	C:\Windows\System32\KERNELBASE.dll
0x00007ff879e90000 - 0x00007ff879f8a000 	C:\Windows\System32\ucrtbase.dll
0x00007ff841f50000 - 0x00007ff841f69000 	C:\Program Files\Java\jdk-16.0.1\bin\VCRUNTIME140.dll
0x00007ff8428d0000 - 0x00007ff8428e8000 	C:\Program Files\Java\jdk-16.0.1\bin\jli.dll
0x00007ff87c190000 - 0x00007ff87c233000 	C:\Windows\System32\ADVAPI32.dll
0x00007ff87aa10000 - 0x00007ff87aaae000 	C:\Windows\System32\msvcrt.dll
0x00007ff87bec0000 - 0x00007ff87bf57000 	C:\Windows\System32\sechost.dll
0x00007ff87bd30000 - 0x00007ff87be4f000 	C:\Windows\System32\RPCRT4.dll
0x00007ff87aab0000 - 0x00007ff87ac44000 	C:\Windows\System32\USER32.dll
0x00007ff87a4a0000 - 0x00007ff87a4c1000 	C:\Windows\System32\win32u.dll
0x00007ff861e30000 - 0x00007ff8620b4000 	C:\Windows\WinSxS\amd64_microsoft.windows.common-controls_6595b64144ccf1df_6.0.18362.1500_none_9e79be6de462295c\COMCTL32.dll
0x00007ff87a930000 - 0x00007ff87a956000 	C:\Windows\System32\GDI32.dll
0x00007ff87ad70000 - 0x00007ff87b0a6000 	C:\Windows\System32\combase.dll
0x00007ff87a4f0000 - 0x00007ff87a688000 	C:\Windows\System32\gdi32full.dll
0x00007ff87a370000 - 0x00007ff87a3f1000 	C:\Windows\System32\bcryptPrimitives.dll
0x00007ff87a400000 - 0x00007ff87a49e000 	C:\Windows\System32\msvcp_win.dll
0x00007ff870280000 - 0x00007ff87028a000 	C:\Windows\SYSTEM32\VERSION.dll
0x00007ff87c380000 - 0x00007ff87c3ae000 	C:\Windows\System32\IMM32.DLL
0x00007ff84ab00000 - 0x00007ff84ab0c000 	C:\Program Files\Java\jdk-16.0.1\bin\vcruntime140_1.dll
0x00007ff818590000 - 0x00007ff818621000 	C:\Program Files\Java\jdk-16.0.1\bin\msvcp140.dll
0x00007ffff9650000 - 0x00007ffffa1fb000 	C:\Program Files\Java\jdk-16.0.1\bin\server\jvm.dll
0x00007ff87c180000 - 0x00007ff87c188000 	C:\Windows\System32\PSAPI.DLL
0x00007ff876d40000 - 0x00007ff876d64000 	C:\Windows\SYSTEM32\WINMM.dll
0x00007ff8429a0000 - 0x00007ff8429a9000 	C:\Windows\SYSTEM32\WSOCK32.dll
0x00007ff87be50000 - 0x00007ff87bebf000 	C:\Windows\System32\WS2_32.dll
0x00007ff876d10000 - 0x00007ff876d3d000 	C:\Windows\SYSTEM32\WINMMBASE.dll
0x00007ff87a270000 - 0x00007ff87a2ba000 	C:\Windows\System32\cfgmgr32.dll
0x00007ff879620000 - 0x00007ff879631000 	C:\Windows\System32\kernel.appcore.dll
0x00007ff8424f0000 - 0x00007ff8424fa000 	C:\Program Files\Java\jdk-16.0.1\bin\jimage.dll
0x00007ff877da0000 - 0x00007ff877f94000 	C:\Windows\SYSTEM32\DBGHELP.DLL
0x00007ff866160000 - 0x00007ff86618a000 	C:\Windows\SYSTEM32\dbgcore.DLL
0x00007ff8297a0000 - 0x00007ff8297c5000 	C:\Program Files\Java\jdk-16.0.1\bin\java.dll

dbghelp: loaded successfully - version: 4.0.5 - missing functions: none
symbol engine: initialized successfully - sym options: 0x614 - pdb path: .;C:\Program Files\Java\jdk-16.0.1\bin;C:\Windows\SYSTEM32;C:\Windows\WinSxS\amd64_microsoft.windows.common-controls_6595b64144ccf1df_6.0.18362.1500_none_9e79be6de462295c;C:\Program Files\Java\jdk-16.0.1\bin\server

VM Arguments:
jvm_args: -Dcom.sun.management.jmxremote -Dcom.sun.management.jmxremote.port=54095 -Dcom.sun.management.jmxremote.authenticate=false -Dcom.sun.management.jmxremote.ssl=false -Djava.rmi.server.hostname=localhost -Dspring.jmx.enabled=true -Dspring.application.admin.enabled=true -XX:TieredStopAtLevel=1 -Dspring.boot.project.name=TiendaVirtual_BranchNatali -Dfile.encoding=UTF-8 -XX:+ShowCodeDetailsInExceptionMessages 
java_command: edu.TiendaVirtual.TiendaVirtual.TiendaVirtualApplication
java_class_path (initial): C:\DesarrolloWeb\proyectos\TiendaVirtual_BranchNatali\target\classes;C:\Users\Ozzy\.m2\repository\org\springframework\boot\spring-boot-starter-web\2.5.5\spring-boot-starter-web-2.5.5.jar;C:\Users\Ozzy\.m2\repository\org\springframework\boot\spring-boot-starter\2.5.5\spring-boot-starter-2.5.5.jar;C:\Users\Ozzy\.m2\repository\org\springframework\boot\spring-boot\2.5.5\spring-boot-2.5.5.jar;C:\Users\Ozzy\.m2\repository\org\springframework\boot\spring-boot-autoconfigure\2.5.5\spring-boot-autoconfigure-2.5.5.jar;C:\Users\Ozzy\.m2\repository\org\springframework\boot\spring-boot-starter-logging\2.5.5\spring-boot-starter-logging-2.5.5.jar;C:\Users\Ozzy\.m2\repository\ch\qos\logback\logback-classic\1.2.6\logback-classic-1.2.6.jar;C:\Users\Ozzy\.m2\repository\ch\qos\logback\logback-core\1.2.6\logback-core-1.2.6.jar;C:\Users\Ozzy\.m2\repository\org\apache\logging\log4j\log4j-to-slf4j\2.14.1\log4j-to-slf4j-2.14.1.jar;C:\Users\Ozzy\.m2\repository\org\apache\logging\log4j\log4j-api\2.14.1\log4j-api-2.14.1.jar;C:\Users\Ozzy\.m2\repository\org\slf4j\jul-to-slf4j\1.7.32\jul-to-slf4j-1.7.32.jar;C:\Users\Ozzy\.m2\repository\org\yaml\snakeyaml\1.28\snakeyaml-1.28.jar;C:\Users\Ozzy\.m2\repository\org\springframework\boot\spring-boot-starter-json\2.5.5\spring-boot-starter-json-2.5.5.jar;C:\Users\Ozzy\.m2\repository\com\fasterxml\jackson\core\jackson-databind\2.12.5\jackson-databind-2.12.5.jar;C:\Users\Ozzy\.m2\repository\com\fasterxml\jackson\core\jackson-annotations\2.12.5\jackson-annotations-2.12.5.jar;C:\Users\Ozzy\.m2\repository\com\fasterxml\jackson\core\jackson-core\2.12.5\jackson-core-2.12.5.jar;C:\Users\Ozzy\.m2\repository\com\fasterxml\jackson\datatype\jackson-datatype-jdk8\2.12.5\jackson-datatype-jdk8-2.12.5.jar;C:\Users\Ozzy\.m2\repository\com\fasterxml\jackson\datatype\jackson-datatype-jsr310\2.12.5\jackson-datatype-jsr310-2.12.5.jar;C:\Users\Ozzy\.m2\repository\com\fasterxml\jackson\module\jackson-module-parameter-names\2.12.5\jackson-module-para
Launcher Type: SUN_STANDARD

[Global flags]
     intx CICompilerCount                          = 4                                         {product} {ergonomic}
     uint ConcGCThreads                            = 2                                         {product} {ergonomic}
     uint G1ConcRefinementThreads                  = 8                                         {product} {ergonomic}
   size_t G1HeapRegionSize                         = 2097152                                   {product} {ergonomic}
    uintx GCDrainStackTargetSize                   = 64                                        {product} {ergonomic}
   size_t InitialHeapSize                          = 199229440                                 {product} {ergonomic}
     bool ManagementServer                         = true                                      {product} {command line}
   size_t MarkStackSize                            = 4194304                                   {product} {ergonomic}
   size_t MaxHeapSize                              = 3183476736                                {product} {ergonomic}
   size_t MinHeapDeltaBytes                        = 2097152                                   {product} {ergonomic}
   size_t MinHeapSize                              = 8388608                                   {product} {ergonomic}
    uintx NonNMethodCodeHeapSize                   = 7549744                                {pd product} {ergonomic}
    uintx NonProfiledCodeHeapSize                  = 244108496                              {pd product} {ergonomic}
    uintx ProfiledCodeHeapSize                     = 0                                      {pd product} {ergonomic}
    uintx ReservedCodeCacheSize                    = 251658240                              {pd product} {ergonomic}
     bool SegmentedCodeCache                       = true                                      {product} {ergonomic}
     bool ShowCodeDetailsInExceptionMessages       = true                                   {manageable} {command line}
   size_t SoftMaxHeapSize                          = 3183476736                             {manageable} {ergonomic}
     intx TieredStopAtLevel                        = 1                                         {product} {command line}
     bool UseCompressedClassPointers               = true                           {product lp64_product} {ergonomic}
     bool UseCompressedOops                        = true                           {product lp64_product} {ergonomic}
     bool UseG1GC                                  = true                                      {product} {ergonomic}
     bool UseLargePagesIndividualAllocation        = false                                  {pd product} {ergonomic}

Logging:
Log output configuration:
 #0: stdout all=warning uptime,level,tags
 #1: stderr all=off uptime,level,tags

Environment Variables:
PATH=C:\Program Files\Common Files\Oracle\Java\javapath;C:\Windows\system32;C:\Windows;C:\Windows\System32\Wbem;C:\Windows\System32\WindowsPowerShell\v1.0\;C:\Windows\System32\OpenSSH\;C:\Program Files\PuTTY\;C:\Program Files\MySQL\MySQL Shell 8.0\bin\;C:\Users\Ozzy\anaconda3;C:\Users\Ozzy\anaconda3\Library\mingw-w64\bin;C:\Users\Ozzy\anaconda3\Library\usr\bin;C:\Users\Ozzy\anaconda3\Library\bin;C:\Users\Ozzy\anaconda3\Scripts;C:\Windows\system32;C:\Windows;C:\Windows\System32\Wbem;C:\Windows\System32\WindowsPowerShell\v1.0\;C:\Windows\System32\OpenSSH\;C:\Users\Ozzy\AppData\Local\Microsoft\WindowsApps;C:\<path\to\python\folder>\Scripts;C:\Program Files\heroku\bin;C:\Users\Ozzy\AppData\Local\GitHubDesktop\bin
USERNAME=Ozzy
OS=Windows_NT
PROCESSOR_IDENTIFIER=Intel64 Family 6 Model 142 Stepping 12, GenuineIntel



---------------  S Y S T E M  ---------------

OS:
 Windows 10 , 64 bit Build 18362 (10.0.18362.1500)
OS uptime: 7 days 11:08 hours

CPU: total 8 (initial active 8) (4 cores per cpu, 2 threads per core) family 6 model 142 stepping 12 microcode 0xbe, cx8, cmov, fxsr, ht, mmx, 3dnowpref, sse, sse2, sse3, ssse3, sse4.1, sse4.2, popcnt, lzcnt, tsc, tscinvbit, avx, avx2, aes, erms, clmul, bmi1, bmi2, adx, fma, vzeroupper, clflush, clflushopt

Memory: 4k page, system-wide physical 12139M (1245M free)
TotalPageFile size 27351M (AvailPageFile size 164M)
current process WorkingSet (physical memory assigned to process): 10M, peak: 10M
current process commit charge ("private bytes"): 57M, peak: 247M

vm_info: Java HotSpot(TM) 64-Bit Server VM (16.0.1+9-24) for windows-amd64 JRE (16.0.1+9-24), built on Mar 26 2021 19:31:42 by "mach5one" with MS VC++ 16.7 (VS2019)

END.
